2018-06-07 21:15:51 #realDonaldTrump truly is a #FakePresident, an #AllegedPresident installed by a foreign power. Beyond the inherent… https://t.co/udGrHGdKAo
2018-06-07 21:13:42 RT @ApacheiAm: Yuge Friday Special...
.@realDonaldTrump .@POTUS 
.@mflynnJR .@GenFlynn 
.@LisaMei62 .@RealJamesWoods
.@FLOTUS .@RealCandace…
2018-06-07 21:12:46 RT @BurgessOwens: Let’s do what Americans do best...WIN!! Call out the Leftist for who they are.. anti-American #NFLBoycott #FoxNews #MakeA…
2018-06-07 21:11:05 RT @disgusted57: #WherearetheChildren #WherearetheChildren #WherearetheChildren            #realDonaldTrump you are one sick son of a bitch…
2018-06-07 21:07:31 Iran needs Restart.
■■■■
Restart is the only way to save the Iranian people.
■■■■
Restart taught us to stand up for… https://t.co/L4fby0ijam
2018-06-07 21:04:40 RT @AdamBoush: Retweeted Warqpress (@warqpress):

The International Community is reluctant to put a harness on the dictator of Sudan .. Wha…
2018-06-07 21:02:35 RT @RLSTheFirst: Thank you @realDonaldTrump for firing the treasonous @Comey. Thank you for Making America Great Again. We are with you. Wh…
2018-06-07 21:01:21 We have it ALL! We don't need #McCabe TESTIMONY! #NoImmunityForMcCabe #NoDealsForTraitors #MAGA #qanon… https://t.co/0RyXRwX4qz
2018-06-07 21:00:27 RT @jazer313: #sad #realDonaldTrump #faketweets: RT VP: Our hearts are with all those that are suffering in the wake of the terrible volcan…
2018-06-07 21:00:13 RT @BurgessOwens: Let’s do what Americans do best...WIN!! Call out the Leftist for who they are.. anti-American #NFLBoycott #FoxNews #MakeA…
2018-06-07 20:59:48 @BenghaziFour #realDonaldTrump #AmericaFirst #WakeUpAmerica  Please check this out, and share it!!! Thank you, Terry https://t.co/zw6kRC5EOf
2018-06-07 20:59:48 Thank you @realDonaldTrump for firing the treasonous @Comey. Thank you for Making America Great Again. We are with… https://t.co/5P8USxeqPp
2018-06-07 20:59:34 #sad #realDonaldTrump #faketweets: RT VP: Our hearts are with all those that are suffering in the wake of the terri… https://t.co/WOjNoBNkYL
2018-06-07 20:56:17 RT @ApacheiAm: Yuge Friday Special...
.@realDonaldTrump .@POTUS 
.@mflynnJR .@GenFlynn 
.@LisaMei62 .@RealJamesWoods
.@FLOTUS .@RealCandace…
2018-06-07 20:52:45 RT @discjocke52: @lauren_ten @BonJS0370 @iche_me @s3rac1 @ron_diggity @YerOpinion @clg6190 @MamaRose2017 @kneadinghands @media_auntie @eron…
2018-06-07 20:49:58 Yuge Friday Special...
.@realDonaldTrump .@POTUS 
.@mflynnJR .@GenFlynn 
.@LisaMei62 .@RealJamesWoods
.@FLOTUS .… https://t.co/lsUvimifTs
2018-06-07 20:49:18 The great 'IF' #IdiotInChief @realDonaldTrump the world is interested in what #Trump #BackfireTrump SCREWS-UP.  Eco… https://t.co/rJF7ZDFMHJ
2018-06-07 20:49:03 RT @ApacheiAm: Exclusive Interview Friday..
.@realDonaldTrump .@POTUS 
.@mflynnJR .@GenFlynn 
.@LisaMei62 .@RealJamesWoods
.@FLOTUS .@RealC…
2018-06-07 20:48:35 Exclusive Interview Friday..
.@realDonaldTrump .@POTUS 
.@mflynnJR .@GenFlynn 
.@LisaMei62 .@RealJamesWoods
.… https://t.co/YKhvJb8WA8
2018-06-07 20:48:14 RT @mentanablues: #realDonaldTrump Trump said America got ripped off by Canada &amp; Mexico &amp; all the other countries they treated with over th…
2018-06-07 20:47:46 Exclusive Interview Friday..
.@realDonaldTrump .@POTUS 
.@mflynnJR .@GenFlynn 
.@LisaMei62 .@RealJamesWoods
.… https://t.co/UJLXkefLBz
2018-06-07 20:46:38 #KKK=AntifaNow #realDonaldTrump https://t.co/NCUO3FQ7xv
2018-06-07 20:46:26 Exclusive Interview Friday..
.@realDonaldTrump .@POTUS 
.@mflynnJR .@GenFlynn 
.@LisaMei62 .@RealJamesWoods
.… https://t.co/4G5leGa96c
2018-06-07 20:45:42 #realDonaldTrump Trump said America got ripped off by Canada &amp; Mexico &amp; all the other countries they treated with o… https://t.co/sXd3EkWdpb
2018-06-07 20:45:35 Exclusive Interview Friday..
.@realDonaldTrump .@POTUS 
.@mflynnJR .@GenFlynn 
.@LisaMei62 .@RealJamesWoods
.… https://t.co/6dc70IKRhK
2018-06-07 20:44:01 Tune in Friday-
.@realDonaldTrump .@POTUS 
.@mflynnJR .@GenFlynn 
.@LisaMei62 .@RealJamesWoods
.@FLOTUS .… https://t.co/ByQ2C6SepC
2018-06-07 20:42:47 Join us Friday...Special Guest-
.@realDonaldTrump .@POTUS 
.@mflynnJR .@GenFlynn 
.@LisaMei62 .@RealJamesWoods
.… https://t.co/3sfeJtfFGw
2018-06-07 20:42:20 RT @aroseblush: 🇺🇸  Donald J Trump &amp; his Legal Advisors are Attempting a Power Grab of our 'Rule of Law', and Deface our Precious Constitut…
2018-06-07 20:41:32 @KatyTurNBC Once again, #realDonaldTrump is wrong!
2018-06-07 20:41:28 Join us Friday....Exclusive Interview
.@realDonaldTrump .@POTUS 
.@mflynnJR .@GenFlynn 
.@LisaMei62 .… https://t.co/89zbGjnH2P
2018-06-07 20:41:14 @jules_su The "Shame of #Indy" #MikePence is the biggest Suck-Ass EVER!!! #IMPEACHTRUMP &amp; FIRE PENCE #realdonaldtrump......
2018-06-07 20:39:59 RT @BurgessOwens: Let’s do what Americans do best...WIN!! Call out the Leftist for who they are.. anti-American #NFLBoycott #FoxNews #MakeA…
2018-06-07 20:36:11 RT @BurgessOwens: Let’s do what Americans do best...WIN!! Call out the Leftist for who they are.. anti-American #NFLBoycott #FoxNews #MakeA…
2018-06-07 20:35:58 RT @BurgessOwens: Let’s do what Americans do best...WIN!! Call out the Leftist for who they are.. anti-American #NFLBoycott #FoxNews #MakeA…
2018-06-07 20:35:54 @matthewamiller @MalcolmNance There will be a Korea chapter in the definitive Trump presidential biography that wil… https://t.co/V4T4OXbOMu
2018-06-07 20:34:20 RT @AdamBoush: Retweeted Warqpress (@warqpress):

The International Community is reluctant to put a harness on the dictator of Sudan .. Wha…
2018-06-07 20:33:33 RT @AdamBoush: Retweeted Warqpress (@warqpress):

Sudanese From Darfur region are humans too •• save them •• protect them

#realDonaldTrump…
2018-06-07 20:32:29 RT @BurgessOwens: Let’s do what Americans do best...WIN!! Call out the Leftist for who they are.. anti-American #NFLBoycott #FoxNews #MakeA…
2018-06-07 20:27:53 RT @borisbad2: #realDonaldTrump Does this moron know that it was the British and not the Canadians who burned the White House in 1812? Or t…
2018-06-07 20:27:30 Why is it that the last 2 Republican Presidents appears so stupid? Bush was an idiot. #realdonaldtrump is an idiot.… https://t.co/Vv677VS14H
2018-06-07 20:25:31 RT @BurgessOwens: Let’s do what Americans do best...WIN!! Call out the Leftist for who they are.. anti-American #NFLBoycott #FoxNews #MakeA…
2018-06-07 20:19:09 #sad #realDonaldTrump #faketweets: RT WhiteHouse: Paul Bedard reports in the Washington Examiner: "$3 billion payof… https://t.co/tEEEGxXfUs
2018-06-07 20:18:54 #Operationbackyardbrawl 
#QAnon
#realDonaldTrump
This video is great for sharing to your friends who are unaware of… https://t.co/u9MapUnH6N
2018-06-07 20:18:18 RT @BrutalRuinDave: Quick look at the Visions Vid :)
@brutalruinmusic @irockme69 @Talentlotto @unionjackradio @MetalHammer @RepYoState #np…
2018-06-07 20:18:03 RT @BrutalRuinDave: Awesome:)
@brutalruinmusic @WudRecords @irockme69 @Talentlotto @unionjackradio @MetalHammer @RepYoState #np #UnsignedHo…
2018-06-07 20:17:10 Can we send Trump there to confirm these findings? And how soon can he go?
#nasa #NASASocial #realDonaldTrump
2018-06-07 20:14:16 RT @BurgessOwens: Let’s do what Americans do best...WIN!! Call out the Leftist for who they are.. anti-American #NFLBoycott #FoxNews #MakeA…
2018-06-07 20:11:48 RT @BurgessOwens: Let’s do what Americans do best...WIN!! Call out the Leftist for who they are.. anti-American #NFLBoycott #FoxNews #MakeA…
2018-06-07 20:06:40 It is inappropriate for any administration to imply that thy will be in office for more that the term under the… https://t.co/NFa29kcb6v
2018-06-07 20:05:18 Awesome:)
@brutalruinmusic @WudRecords @irockme69 @Talentlotto @unionjackradio @MetalHammer @RepYoState #np… https://t.co/wZQBcHicTS
2018-06-07 20:04:12 #sad #realDonaldTrump #faketweets: RT realDonaldTrump: Great day of meetings with Prime Minister AbeShinzo of Japan… https://t.co/tXIDEynh2L
2018-06-07 20:04:11 #sad #realDonaldTrump #faketweets: RT realDonaldTrump: PM Abe and I are also working to improve the trading relatio… https://t.co/BSvP6OUggF
2018-06-07 20:04:07 #sad #realDonaldTrump #faketweets: Great day of meetings with Prime Minister AbeShinzo of Japan! https://t.co/LxbwQb1OmO #cnn
2018-06-07 20:04:06 #sad #realDonaldTrump #faketweets: PM Abe and I are also working to improve the trading relationship between the U.… https://t.co/fAMEvgQo0A
2018-06-07 20:03:17 Quick look at the Visions Vid :)
@brutalruinmusic @irockme69 @Talentlotto @unionjackradio @MetalHammer @RepYoState… https://t.co/m1KDxvgedG
2018-06-07 20:00:53 So, Donald, what additional  insults are you going to give Un before the meeting is cancelled?What a macabre act yo… https://t.co/H7QjLc1aI1
2018-06-07 20:00:11 Associate Of Joseph Mifsud, Described By EU Parliament As "Reliable Ally" To #GeorgeSoros  https://t.co/eSVu4yMSmS… https://t.co/qo91mOKkc1
2018-06-07 19:59:08 #sad #realDonaldTrump #faketweets: RT WhiteHouse: "There has never been a better time to invest in the United State… https://t.co/00FOGQaBzF
2018-06-07 19:57:29 Donald, you are the one with shit in your mouth...Bolton, Pence and Gulliani, your "Three Stooges" would not say su… https://t.co/Aek5UFGrPS
2018-06-07 19:57:05 RT @BurgessOwens: Let’s do what Americans do best...WIN!! Call out the Leftist for who they are.. anti-American #NFLBoycott #FoxNews #MakeA…
2018-06-07 19:54:11 RT @Nurse_Mom01: ON Father's Day treat yourself + ur family with this. Visit my store. There's more. 🙂
Order Here: https://t.co/zFZa0y3gqD…
2018-06-07 19:54:07 #sad #realDonaldTrump #faketweets: RT realDonaldTrump: Today, I am greatly honored to welcome my good friend, PM Ab… https://t.co/44QSvNi37v
2018-06-07 19:54:07 #sad #realDonaldTrump #faketweets: Today, I am greatly honored to welcome my good friend, PM Abe of Japan to the Wh… https://t.co/qxNljMU3H1
2018-06-07 19:54:06 #sad #realDonaldTrump #faketweets: RT WhiteHouse: For many, opioid addiction begins early. This ad campaign from ON… https://t.co/OWQTzvpePq
2018-06-07 19:53:55 #realDonaldTrump Does this moron know that it was the British and not the Canadians who burned the White House in 1… https://t.co/WmL0y81tEZ
2018-06-07 19:51:14 RT @EthelMertiz: #realDonaldTrump  https://t.co/UWqtFTJq94 Trump tells another lie. OMG what is it about this idiot? Everything out of his…
2018-06-07 19:48:04 Leader Kim Jong Un, listening?President Trump has alerted his security that he will be playing a round of golf in F… https://t.co/Ix9uBvj3bK
2018-06-07 19:43:03 Former Head of DNC Aided &amp; Abetted Muslim IT Spy, Imran Awan - https://t.co/2gWkyc1ckN #Leverage… https://t.co/VjXmlR8N0i
2018-06-07 19:43:00 ON Father's Day treat yourself + ur family with this. Visit my store. There's more. 🙂
Order Here:… https://t.co/PgkITQExEV
2018-06-07 19:41:35 RT @Nurse_Mom01: ON Father's Day treat yourself + ur family with this. Visit my store. There's more. 🙂
Order Here: https://t.co/QLWclvZTFL…
2018-06-07 19:41:28 ON Father's Day treat yourself + ur family with this. Visit my store. There's more. 🙂
Order Here:… https://t.co/JS35CqsSlP
2018-06-07 19:41:22 ON Father's Day treat yourself + ur family with this. Visit my store. There's more. 🙂
Order Here:… https://t.co/lxoYz0Mf0H
2018-06-07 19:41:17 ON Father's Day treat yourself + ur family with this. Visit my store. There's more. 🙂
Order Here:… https://t.co/DBEDx8dENX
2018-06-07 19:40:36 So sick of these spoiled, coddled, multi-millionaire sports athletes like #DevanteSmithPelly #LeBronJames &amp; others… https://t.co/jEO6hvORfW
2018-06-07 19:39:10 #sad #realDonaldTrump #faketweets: RT FLOTUS: Proud of this administration’s continued efforts in combatting opioid… https://t.co/7kqtwpLxPa
2018-06-07 19:36:05 #NoOneAboveTheLaw
@OregonDHSCW you bet we are coming for you! #FamilyPreservation #KeepFamilyHome… https://t.co/hiF48KHc5e
2018-06-07 19:34:27 #sad #realDonaldTrump #faketweets: RT VP: POWERFUL new video from ONDCP on the #OpioidEpidemic that has touched nea… https://t.co/DTuJZKH5nU
2018-06-07 19:30:54 RT @pmchaffie: every person on twitter should view this now https://t.co/Loy8C0XCis #realdonaldtrump
2018-06-07 19:30:52 #realDonaldTrump  https://t.co/UWqtFTJq94 Trump tells another lie. OMG what is it about this idiot? Everything out of his mouth is a lie!
2018-06-07 19:28:50 RT @BurgessOwens: Let’s do what Americans do best...WIN!! Call out the Leftist for who they are.. anti-American #NFLBoycott #FoxNews #MakeA…
2018-06-07 19:28:35 @realDonaldTrump @POTUS #POTUS @WhiteHouse #Whitehouse @MaxineWaters #MaxineWaters @RepMaxineWaters… https://t.co/6dzxMw6hVF
2018-06-07 19:28:28 every person on twitter should view this now https://t.co/Loy8C0XCis #realdonaldtrump
2018-06-07 19:26:50 RT @SHAFOVALOFF11: Kim Jong Un must be pissed how Trump has had Bolton, Pence and now Gulliani make insulting statements to make Trump look…
2018-06-07 19:26:20 Kim Jong Un must be pissed how Trump has had Bolton, Pence and now Gulliani make insulting statements to make Trump… https://t.co/bUGcfEzNJQ
2018-06-07 19:23:57 @CNNPolitics Sessions is leaning away from #realDonaldTrump because Donnie still suffers from Incontinence. Fox and… https://t.co/69Vk46V1hc
2018-06-07 19:22:21 Facebook, Amazon, Google And Twitter All Work With Left-Wing SPLC #realDonaldTrump the Companies Above, Are Shuttin… https://t.co/AD6w8VlkqM
2018-06-07 19:21:47 @KimKardashian you all act like you know Alice Johnson personally. Let's be honest you never heard her story before… https://t.co/fHnE1Q4OEY
2018-06-07 19:19:33 #realDonaldTrump #POTUS didn’t have a problem with #StormyDaniels line of work when he had sex with her #RudyGuilliani.
2018-06-07 19:16:04 @CNNPolitics Hopefully she can sign Donnie up. #realDonaldTrump is so broad at the butt he has to turn sideways whe… https://t.co/bVVeomodvQ
2018-06-07 19:16:02 @michaelbeatty3 @RuthieRedSox The people want Jim Jordan NOT McCarthy, he's friends with Ryan.  Jordan will push th… https://t.co/A3GSNm6RYG
2018-06-07 19:14:04 @CNNPolitics It's impossible to do both for two reason.
1: #realDonaldTrump has never DESERVED loyalty 
2: Salem Sa… https://t.co/LVYEusGTtE
2018-06-07 19:08:02 Surfing with Soba Recovery Center 24 HR Helpline 866 447 5298 https://t.co/U2i3BsJq2Q #oceans #surfing #sober… https://t.co/BcvdfgK6Ma
2018-06-07 19:04:45 RT @BrutalRuinDave: Nice :) @brutalruinmusic @irockme69 @Talentlotto @unionjackradio @MetalHammer @RepYoState #np #UnsignedHour #MusicHourU…
2018-06-07 19:04:24 RT @BrutalRuinDave: Check em out :)
@brutalruinmusic @irockme69 @Talentlotto @unionjackradio @RepYoState #np #UnsignedHour #MusicHourUK #Un…
2018-06-07 18:56:25 @NBCNews Really #realdonaldtrump your not prepared to meet Kim Jong Un at all. He is going to manipulate you so eas… https://t.co/TcaTmf7J8T
2018-06-07 18:53:28 #WherearetheChildren #WherearetheChildren #WherearetheChildren            #realDonaldTrump you are one sick son of… https://t.co/rjjlRZAzIy
2018-06-07 18:50:11 RT @justjim36: Nice that a "mere" judge - enforcing the much-hyped "rule of law" - has instructed #realDonaldTrump to actually have to face…
2018-06-07 18:49:52 RT @justjim36: Nice that a "mere" judge - enforcing the much-hyped "rule of law" - has instructed #realDonaldTrump to actually have to face…
2018-06-07 18:44:21 #realdonaldTrump when the Summit door closes behind you, you're in dangerous territory minus 1 tool in your chest o… https://t.co/Ra1URLEv0l
2018-06-07 18:43:33 RT @BrutalRuinDave: Check em out :)
@brutalruinmusic @irockme69 @Talentlotto @unionjackradio @RepYoState #np #UnsignedHour #MusicHourUK #Un…
